<?xml version="1.0" encoding="UTF-8"?>
<testng-results ignored="0" total="2" passed="2" failed="0" skipped="0">
  <reporter-output>
  </reporter-output>
  <suite started-at="2018-02-07T05:28:06Z" name="Suite" finished-at="2018-02-07T05:29:46Z" duration-ms="99563">
    <groups>
    </groups>
    <test started-at="2018-02-07T05:28:06Z" name="Test" finished-at="2018-02-07T05:29:46Z" duration-ms="99563">
      <class name="test.First">
        <test-method is-config="true" signature="statUp()[pri:0, instance:test.First@436813f3]" started-at="2018-02-07T10:58:06Z" name="statUp" finished-at="2018-02-07T10:58:39Z" duration-ms="33254" status="PASS">
          <reporter-output>
          </reporter-output>
        </test-method> <!-- statUp -->
        <test-method signature="firstTest()[pri:0, instance:test.First@436813f3]" started-at="2018-02-07T10:58:39Z" name="firstTest" finished-at="2018-02-07T10:59:06Z" duration-ms="26936" status="PASS">
          <reporter-output>
          </reporter-output>
        </test-method> <!-- firstTest -->
        <test-method is-config="true" signature="end()[pri:0, instance:test.First@436813f3]" started-at="2018-02-07T10:59:06Z" name="end" finished-at="2018-02-07T10:59:08Z" duration-ms="1326" status="PASS">
          <reporter-output>
          </reporter-output>
        </test-method> <!-- end -->
        <test-method is-config="true" signature="statUp()[pri:0, instance:test.First@436813f3]" started-at="2018-02-07T10:59:08Z" name="statUp" finished-at="2018-02-07T10:59:16Z" duration-ms="8838" status="PASS">
          <reporter-output>
          </reporter-output>
        </test-method> <!-- statUp -->
        <test-method signature="secondTest()[pri:0, instance:test.First@436813f3]" started-at="2018-02-07T10:59:16Z" name="secondTest" finished-at="2018-02-07T10:59:44Z" duration-ms="28051" status="PASS">
          <reporter-output>
          </reporter-output>
        </test-method> <!-- secondTest -->
        <test-method is-config="true" signature="end()[pri:0, instance:test.First@436813f3]" started-at="2018-02-07T10:59:44Z" name="end" finished-at="2018-02-07T10:59:46Z" duration-ms="1083" status="PASS">
          <reporter-output>
          </reporter-output>
        </test-method> <!-- end -->
      </class> <!-- test.First -->
    </test> <!-- Test -->
  </suite> <!-- Suite -->
</testng-results>
