<?xml version="1.0" encoding="UTF-8"?>
<testng-results ignored="0" total="2" passed="2" failed="0" skipped="0">
  <reporter-output>
  </reporter-output>
  <suite started-at="2018-02-07T18:06:21Z" name="Suite" finished-at="2018-02-07T18:06:21Z" duration-ms="119">
    <groups>
    </groups>
    <test started-at="2018-02-07T18:06:21Z" name="Test1" finished-at="2018-02-07T18:06:21Z" duration-ms="119">
      <class name="test.Parallel">
        <test-method is-config="true" signature="before()[pri:0, instance:test.Parallel@1e178745]" started-at="2018-02-07T23:36:21Z" name="before" finished-at="2018-02-07T23:36:21Z" duration-ms="14" status="PASS">
          <reporter-output>
          </reporter-output>
        </test-method> <!-- before -->
        <test-method signature="test1()[pri:0, instance:test.Parallel@1e178745]" started-at="2018-02-07T23:36:21Z" name="test1" finished-at="2018-02-07T23:36:21Z" duration-ms="22" status="PASS">
          <reporter-output>
          </reporter-output>
        </test-method> <!-- test1 -->
        <test-method is-config="true" signature="after()[pri:0, instance:test.Parallel@1e178745]" started-at="2018-02-07T23:36:21Z" name="after" finished-at="2018-02-07T23:36:21Z" duration-ms="1" status="PASS">
          <reporter-output>
          </reporter-output>
        </test-method> <!-- after -->
        <test-method is-config="true" signature="before()[pri:0, instance:test.Parallel@1e178745]" started-at="2018-02-07T23:36:21Z" name="before" finished-at="2018-02-07T23:36:21Z" duration-ms="1" status="PASS">
          <reporter-output>
          </reporter-output>
        </test-method> <!-- before -->
        <test-method signature="test2()[pri:0, instance:test.Parallel@1e178745]" started-at="2018-02-07T23:36:21Z" name="test2" finished-at="2018-02-07T23:36:21Z" duration-ms="4" status="PASS">
          <reporter-output>
          </reporter-output>
        </test-method> <!-- test2 -->
        <test-method is-config="true" signature="after()[pri:0, instance:test.Parallel@1e178745]" started-at="2018-02-07T23:36:21Z" name="after" finished-at="2018-02-07T23:36:21Z" duration-ms="2" status="PASS">
          <reporter-output>
          </reporter-output>
        </test-method> <!-- after -->
      </class> <!-- test.Parallel -->
    </test> <!-- Test1 -->
  </suite> <!-- Suite -->
</testng-results>
